This is pdfTeXk, Version 3.141592-1.40.3 (Web2C 7.5.6) (format=latex 2009.7.25)  4 OCT 2009 01:10
entering extended mode
 %&-line parsing enabled.
**h2a_paper_v13.tex
(./h2a_paper_v13.tex
LaTeX2e <2005/12/01>
Babel <v3.8h> and hyphenation patterns for english, usenglishmax, dumylang, noh
yphenation, loaded.
(/usr/share/texmf-texlive/tex/latex/revtex/revtex4.cls
Document Class: revtex4 2001/08/02 v4.0 (http://publish.aps.org/revtex4/ for do
cumentation)
 Copyright (c) 2001 The American Physical Society.
 mailto:revtex@aps.org
 Licensed under the LPPL:
http://www.ctan.org/tex-archive/macros/latex/base/lppl.txt
 Arthur Ogawa <ogawa@teleport.com>
 Based on work by David Carlisle <david@dcarlisle.demon.co.uk>.
ltxutil: portions licensed from W. E. Baxter (web@superscript.com)
Class revtex4 Info: Repairing broken LateX \@sect on input line 596.
\intertabularlinepenalty=\count79
\@tbpen=\count80
\@arstrutbox@hline=\box26
Class revtex4 Info: Repairing broken LaTeX \@xbitor on input line 1610.
ltxgrid: portions licensed from W. E. Baxter (web@superscript.com)
\c@linecount=\count81
\output=\toks14
\@protection@box=\box27
\@topmark@saved=\toks15
\footins@saved=\box28
\pagesofar=\box29
\footbox=\box30
\pagegrid@col=\count82
Class revtex4 Info: Incorporating package {textcase}  [1998/11/12 v0.06 Text on
ly upper/lower case changing (DPC)]. on input line 3682.
(/usr/share/texmf-texlive/tex/latex/ltxmisc/url.sty
\Urlmuskip=\muskip10
Package: url 2005/06/27  ver 3.2  Verb mode for urls, etc.
)
\c@affil=\count83
\absbox=\box31
\c@part=\count84
\c@section=\count85
\c@subsection=\count86
\c@subsubsection=\count87
\c@paragraph=\count88
\c@subparagraph=\count89
\abovecaptionskip=\skip41
\belowcaptionskip=\skip42
\c@figure=\count90
\c@table=\count91

(/usr/share/texmf-texlive/tex/latex/natbib/natbib.sty
Package: natbib 2007/02/05 8.0 (PWD)
\bibhang=\skip43
\bibsep=\skip44
LaTeX Info: Redefining \cite on input line 602.
\c@NAT@ctr=\count92
)
\widetext@top=\box32
\widetext@bot=\box33

(/usr/share/texmf-texlive/tex/latex/revtex/revsymb.sty
Package: revsymb 2001/08/02 v4.0 (http://publish.aps.org/revtex4/ for documenta
tion)
LaTeX Info: Redefining \REV@mathfrak on input line 118.
))
(/usr/share/texmf-texlive/tex/latex/revtex/aps.rtx
File: aps.rtx 2001/08/02 v4.0 (http://publish.aps.org/revtex4/ for documentatio
n)
)
(/usr/share/texmf-texlive/tex/latex/revtex/10pt.rtx
File: 10pt.rtx 2001/08/02 v4.0 (http://publish.aps.org/revtex4/ for documentati
on)
)
(/usr/share/texmf-texlive/tex/latex/graphics/graphicx.sty
Package: graphicx 1999/02/16 v1.0f Enhanced LaTeX Graphics (DPC,SPQR)

(/usr/share/texmf-texlive/tex/latex/graphics/keyval.sty
Package: keyval 1999/03/16 v1.13 key=value parser (DPC)
\KV@toks@=\toks16
)
(/usr/share/texmf-texlive/tex/latex/graphics/graphics.sty
Package: graphics 2006/02/20 v1.0o Standard LaTeX Graphics (DPC,SPQR)

(/usr/share/texmf-texlive/tex/latex/graphics/trig.sty
Package: trig 1999/03/16 v1.09 sin cos tan (DPC)
)
(/etc/texmf/tex/latex/config/graphics.cfg
File: graphics.cfg 2007/01/18 v1.5 graphics configuration of teTeX/TeXLive
)
Package graphics Info: Driver file: dvips.def on input line 90.

(/usr/share/texmf-texlive/tex/latex/graphics/dvips.def
File: dvips.def 1999/02/16 v3.0i Driver-dependant file (DPC,SPQR)
))
\Gin@req@height=\dimen102
\Gin@req@width=\dimen103
)
(/usr/share/texmf-texlive/tex/latex/amsfonts/amssymb.sty
Package: amssymb 2002/01/22 v2.2d

(/usr/share/texmf-texlive/tex/latex/amsfonts/amsfonts.sty
Package: amsfonts 2001/10/25 v2.2f
\@emptytoks=\toks17
\symAMSa=\mathgroup4
\symAMSb=\mathgroup5
LaTeX Font Info:    Overwriting math alphabet `\mathfrak' in version `bold'
(Font)                  U/euf/m/n --> U/euf/b/n on input line 132.
LaTeX Info: Redefining \frak on input line 135.
LaTeX Info: Redefining \Bbb on input line 137.
))
(/usr/share/texmf-texlive/tex/latex/amsmath/amsmath.sty
Package: amsmath 2000/07/18 v2.13 AMS math features
\@mathmargin=\skip45

For additional information on amsmath, use the `?' option.
(/usr/share/texmf-texlive/tex/latex/amsmath/amstext.sty
Package: amstext 2000/06/29 v2.01

(/usr/share/texmf-texlive/tex/latex/amsmath/amsgen.sty
File: amsgen.sty 1999/11/30 v2.0
\@emptytoks=\toks18
\ex@=\dimen104
))
(/usr/share/texmf-texlive/tex/latex/amsmath/amsbsy.sty
Package: amsbsy 1999/11/29 v1.2d
\pmbraise@=\dimen105
)
(/usr/share/texmf-texlive/tex/latex/amsmath/amsopn.sty
Package: amsopn 1999/12/14 v2.01 operator names
)
\inf@bad=\count93
LaTeX Info: Redefining \frac on input line 211.
\uproot@=\count94
\leftroot@=\count95
LaTeX Info: Redefining \overline on input line 307.
\classnum@=\count96
\DOTSCASE@=\count97
LaTeX Info: Redefining \ldots on input line 379.
LaTeX Info: Redefining \dots on input line 382.
LaTeX Info: Redefining \cdots on input line 467.
\Mathstrutbox@=\box34
\strutbox@=\box35
\big@size=\dimen106
LaTeX Font Info:    Redeclaring font encoding OML on input line 567.
LaTeX Font Info:    Redeclaring font encoding OMS on input line 568.
\macc@depth=\count98
\c@MaxMatrixCols=\count99
\dotsspace@=\muskip11
\c@parentequation=\count100
\dspbrk@lvl=\count101
\tag@help=\toks19
\row@=\count102
\column@=\count103
\maxfields@=\count104
\andhelp@=\toks20
\eqnshift@=\dimen107
\alignsep@=\dimen108
\tagshift@=\dimen109
\tagwidth@=\dimen110
\totwidth@=\dimen111
\lineht@=\dimen112
\@envbody=\toks21
\multlinegap=\skip46
\multlinetaggap=\skip47
\mathdisplay@stack=\toks22
LaTeX Info: Redefining \[ on input line 2666.
LaTeX Info: Redefining \] on input line 2667.
)
(/usr/share/texmf-texlive/tex/latex/graphics/color.sty
Package: color 2005/11/14 v1.0j Standard LaTeX Color (DPC)

(/etc/texmf/tex/latex/config/color.cfg
File: color.cfg 2007/01/18 v1.5 color configuration of teTeX/TeXLive
)
Package color Info: Driver file: dvips.def on input line 130.

(/usr/share/texmf-texlive/tex/latex/graphics/dvipsnam.def
File: dvipsnam.def 1999/02/16 v3.0i Driver-dependant file (DPC,SPQR)
)) (./axodraw.sty
(./epsf.sty
\epsffilein=\read1
\epsfxsize=\dimen113
\epsfysize=\dimen114
\epsftsize=\dimen115
\epsfrsize=\dimen116
\epsftmp=\dimen117
\pspoints=\dimen118
\epsfhbpsize=\dimen119
\epsfvbpsize=\dimen120
) (/usr/share/texmf-texlive/tex/generic/dvips/colordvi.sty)
(/usr/share/texmf-texlive/tex/generic/dvips/rotate.tex
\rotdimen=\dimen121
))
(/usr/share/texmf-texlive/tex/latex/tools/dcolumn.sty
Package: dcolumn 2001/05/28 v1.06 decimal alignment package (DPC)

(/usr/share/texmf-texlive/tex/latex/tools/array.sty
Package: array 2005/08/23 v2.4b Tabular extension package (FMi)
\col@sep=\dimen122
\extrarowheight=\dimen123
\NC@list=\toks23
\extratabsurround=\skip48
\backup@length=\skip49
)) (./phys_def.tex
\c@hours=\count105
\c@minutes=\count106
)
(./h2a_paper_v13.aux

Package natbib Warning: Citation `cleo-low-ma' multiply defined.

)
\openout1 = `h2a_paper_v13.aux'.

LaTeX Font Info:    Checking defaults for OML/cmm/m/it on input line 33.
LaTeX Font Info:    ... okay on input line 33.
LaTeX Font Info:    Checking defaults for T1/cmr/m/n on input line 33.
LaTeX Font Info:    ... okay on input line 33.
LaTeX Font Info:    Checking defaults for OT1/cmr/m/n on input line 33.
LaTeX Font Info:    ... okay on input line 33.
LaTeX Font Info:    Checking defaults for OMS/cmsy/m/n on input line 33.
LaTeX Font Info:    ... okay on input line 33.
LaTeX Font Info:    Checking defaults for OMX/cmex/m/n on input line 33.
LaTeX Font Info:    ... okay on input line 33.
LaTeX Font Info:    Checking defaults for U/cmr/m/n on input line 33.
LaTeX Font Info:    ... okay on input line 33.
Class revtex4 Info: Patching array package. on input line 33.
Class revtex4 Info: cite was not loaded (OK!) on input line 33.
Class revtex4 Info: multicol was not loaded (OK!) on input line 33.
LaTeX Font Info:    Try loading font information for U+msa on input line 62.
 (/usr/share/texmf-texlive/tex/latex/amsfonts/umsa.fd
File: umsa.fd 2002/01/19 v2.2g AMS font definitions
)
LaTeX Font Info:    Try loading font information for U+msb on input line 62.

(/usr/share/texmf-texlive/tex/latex/amsfonts/umsb.fd
File: umsb.fd 2002/01/19 v2.2g AMS font definitions
)

Class revtex4 Warning: If you want your PACS to appear in your output, use docu
ment class option showpacs.


Underfull \hbox (badness 1005) in paragraph at lines 156--163
\OT1/cmr/m/n/10 mode has ex-cel-lent sen-si-tiv-ity for Light-est CP-even
 []

[1]
LaTeX Font Info:    Try loading font information for OMS+cmr on input line 239.

 (/usr/share/texmf-texlive/tex/latex/base/omscmr.fd
File: omscmr.fd 1999/05/25 v2.5h Standard LaTeX font definitions
)
LaTeX Font Info:    Font shape `OMS/cmr/m/n' in size <10> not available
(Font)              Font shape `OMS/cmsy/m/n' tried instead on input line 239.


LaTeX Warning: Reference `fig:amass2' on page 2 undefined on input line 256.

File: plots/newbranching/smass12_vs_mkovel.eps Graphic file (type eps)
<plots/newbranching/smass12_vs_mkovel.eps>
File: plots/newbranching/ma_vs_akappa_vs_lambda.eps Graphic file (type eps)

<plots/newbranching/ma_vs_akappa_vs_lambda.eps>

LaTeX Warning: Reference `fig:amass2' on page 2 undefined on input line 281.


LaTeX Warning: Reference `fig:amass2' on page 2 undefined on input line 286.

File: plots/newbranching/scomp13_vs_mkoverl.eps Graphic file (type eps)
<plots/newbranching/scomp13_vs_mkoverl.eps>
File: plots/newbranching/brhaa_vs_lambda_vs_mkoverl.eps Graphic file (type eps)


<plots/newbranching/brhaa_vs_lambda_vs_mkoverl.eps>

LaTeX Warning: Reference `eq_soft' on page 2 undefined on input line 323.

[2]

LaTeX Warning: A float is stuck (cannot be placed); try class option [floatfix]
 on input line 336.

File: plots/newbranching/gammabb_vs_mkoverl.eps Graphic file (type eps)
<plots/newbranching/gammabb_vs_mkoverl.eps>
File: plots/newbranching/bra_vs_ma.eps Graphic file (type eps)
 <plots/newbranching/bra_vs_ma.eps>

LaTeX Warning: Reference `fig:exclusion2' on page 3 undefined on input line 463
.

[3]

LaTeX Warning: Command \O invalid in math mode on input line 475.


LaTeX Warning: Command \O invalid in math mode on input line 476.

File: plots/newbranching/fourconstraints_params.eps Graphic file (type eps)
<plots/newbranching/fourconstraints_params.eps>
File: plots/newbranching/fourconstraints_masses.eps Graphic file (type eps)

<plots/newbranching/fourconstraints_masses.eps>

LaTeX Warning: Reference `fig:darkmatter' on page 4 undefined on input line 105
9.

File: plots/newbranching/crosssec_vs_mukoverl_gg.eps Graphic file (type eps)
<plots/newbranching/crosssec_vs_mukoverl_gg.eps>
File: plots/newbranching/crosssec_vs_mukoverl_bb.eps Graphic file (type eps)

<plots/newbranching/crosssec_vs_mukoverl_bb.eps> [4]

LaTeX Warning: Reference `acceptance' on page 5 undefined on input line 1088.

File: plots/acceptance_H.eps Graphic file (type eps)
<plots/acceptance_H.eps>
File: plots/acceptance_a.eps Graphic file (type eps)
 <plots/acceptance_a.eps> [5]
File: plots/muon_pairs_masses.eps Graphic file (type eps)

<plots/muon_pairs_masses.eps>
File: plots/invariant_mass.eps Graphic file (type eps)
 <plots/invariant_mass.eps>

LaTeX Warning: Reference `muon_pairs_masses_diff' on page 6 undefined on input 
line 1135.


LaTeX Warning: Reference `table_bramumu_factorized' on page 6 undefined on inpu
t line 1202.


LaTeX Warning: Reference `fig:bramumu' on page 6 undefined on input line 1230.


LaTeX Warning: Reference `acceptance' on page 6 undefined on input line 1230.


LaTeX Warning: Reference `fig:bramumu' on page 6 undefined on input line 1230.


LaTeX Warning: Reference `acceptance' on page 6 undefined on input line 1230.

File: plots/newbranching/newlhcconstraints_params.eps Graphic file (type eps)
<plots/newbranching/newlhcconstraints_params.eps>
File: plots/newbranching/newlhcconstraints_masses.eps Graphic file (type eps)

<plots/newbranching/newlhcconstraints_masses.eps>
File: plots/newbranching/newlhcconstraints_crosbr.eps Graphic file (type eps)

<plots/newbranching/newlhcconstraints_crosbr.eps> [6]
Underfull \hbox (badness 7814) in paragraph at lines 1348--1353
 []\OT1/cmr/m/n/9 U. Ell-wanger, M. Rausch de Trauben-berg and
 []


Underfull \hbox (badness 7814) in paragraph at lines 1373--1378
 []\OT1/cmr/m/n/9 U. Ell-wanger, M. Rausch de Trauben-berg and
 []


Underfull \hbox (badness 7814) in paragraph at lines 1399--1404
 []\OT1/cmr/m/n/9 U. Ell-wanger, M. Rausch de Trauben-berg and
 []


Underfull \hbox (badness 1024) in paragraph at lines 1461--1474
 \OT1/cmr/m/n/9 arXiv:hep-ph/0305109; U. Ell-wanger, J. F. Gu-nion,
 []


Underfull \hbox (badness 1867) in paragraph at lines 1461--1474
 \OT1/cmr/m/n/9 C. Hugo-nie and S. Moretti, arXiv:hep-ph/0401228;
 []


Underfull \hbox (badness 2799) in paragraph at lines 1513--1518
 []\OT1/cmr/m/n/9 A. Belyaev, S. Hes-sel-bach, S. Lehti, S. Moretti,
 []


Underfull \hbox (badness 3098) in paragraph at lines 1513--1518
 \OT1/cmr/m/n/9 A. Nikitenko and C. H. Shepherd-Themistocleous,
 []


Underfull \hbox (badness 1062) in paragraph at lines 1520--1571
 \OT1/cmr/m/n/9 D. G. Cer-deno, C. Hugo-nie, D. E. Lopez-Fogliani,
 []


Underfull \hbox (badness 1107) in paragraph at lines 1520--1571
 \OT1/cmr/m/n/9 048 [arXiv:hep-ph/0408102]; G. Be-langer, F. Boud-
 []


Underfull \hbox (badness 1033) in paragraph at lines 1520--1571
 \OT1/cmr/m/n/9 and S. Pro-fumo, Phys. Rev. D \OT1/cmr/bx/n/9 74\OT1/cmr/m/n/9 
, 115007 (2006)
 []


Underfull \hbox (badness 1314) in paragraph at lines 1520--1571
 \OT1/cmr/m/n/9 D. E. Lopez-Fogliani, C. Munoz and A. M. Teix-
 []

[7]
Overfull \hbox (67.1157pt too wide) in paragraph at lines 1709--1718
 []$ 
 []


Package natbib Warning: There were multiply defined citations.

[8] (./h2a_paper_v13.aux

Package natbib Warning: Citation(s) may have changed.
(natbib)                Rerun to get citations correct.

)

LaTeX Warning: There were undefined references.

 ) 
Here is how much of TeX's memory you used:
 3854 strings out of 95087
 44983 string characters out of 1183278
 135558 words of memory out of 1500000
 6964 multiletter control sequences out of 10000+50000
 13164 words of font info for 51 fonts, out of 1200000 for 2000
 28 hyphenation exceptions out of 8191
 29i,10n,24p,1005b,316s stack positions out of 5000i,500n,6000p,200000b,5000s

Output written on h2a_paper_v13.dvi (8 pages, 61260 bytes).
