This is pdfTeXk, Version 3.141592-1.40.3 (Web2C 7.5.6) (format=latex 2008.8.3)  6 APR 2009 17:52
entering extended mode
 %&-line parsing enabled.
**h2a_paper_v4.tex
(./h2a_paper_v4.tex
LaTeX2e <2005/12/01>
Babel <v3.8h> and hyphenation patterns for english, usenglishmax, dumylang, noh
yphenation, loaded.
(/usr/share/texmf-texlive/tex/latex/revtex/revtex4.cls
Document Class: revtex4 2001/08/02 v4.0 (http://publish.aps.org/revtex4/ for do
cumentation)
 Copyright (c) 2001 The American Physical Society.
 mailto:revtex@aps.org
 Licensed under the LPPL:
http://www.ctan.org/tex-archive/macros/latex/base/lppl.txt
 Arthur Ogawa <ogawa@teleport.com>
 Based on work by David Carlisle <david@dcarlisle.demon.co.uk>.
ltxutil: portions licensed from W. E. Baxter (web@superscript.com)
Class revtex4 Info: Repairing broken LateX \@sect on input line 596.
\intertabularlinepenalty=\count79
\@tbpen=\count80
\@arstrutbox@hline=\box26
Class revtex4 Info: Repairing broken LaTeX \@xbitor on input line 1610.
ltxgrid: portions licensed from W. E. Baxter (web@superscript.com)
\c@linecount=\count81
\output=\toks14
\@protection@box=\box27
\@topmark@saved=\toks15
\footins@saved=\box28
\pagesofar=\box29
\footbox=\box30
\pagegrid@col=\count82
Class revtex4 Info: Incorporating package {textcase}  [1998/11/12 v0.06 Text on
ly upper/lower case changing (DPC)]. on input line 3682.
(/usr/share/texmf-texlive/tex/latex/ltxmisc/url.sty
\Urlmuskip=\muskip10
Package: url 2005/06/27  ver 3.2  Verb mode for urls, etc.
)
\c@affil=\count83
\absbox=\box31
\c@part=\count84
\c@section=\count85
\c@subsection=\count86
\c@subsubsection=\count87
\c@paragraph=\count88
\c@subparagraph=\count89
\abovecaptionskip=\skip41
\belowcaptionskip=\skip42
\c@figure=\count90
\c@table=\count91

(/usr/share/texmf-texlive/tex/latex/natbib/natbib.sty
Package: natbib 2007/02/05 8.0 (PWD)
\bibhang=\skip43
\bibsep=\skip44
LaTeX Info: Redefining \cite on input line 602.
\c@NAT@ctr=\count92
)
\widetext@top=\box32
\widetext@bot=\box33

(/usr/share/texmf-texlive/tex/latex/revtex/revsymb.sty
Package: revsymb 2001/08/02 v4.0 (http://publish.aps.org/revtex4/ for documenta
tion)
LaTeX Info: Redefining \REV@mathfrak on input line 118.
))
(/usr/share/texmf-texlive/tex/latex/revtex/aps.rtx
File: aps.rtx 2001/08/02 v4.0 (http://publish.aps.org/revtex4/ for documentatio
n)
)
(/usr/share/texmf-texlive/tex/latex/revtex/10pt.rtx
File: 10pt.rtx 2001/08/02 v4.0 (http://publish.aps.org/revtex4/ for documentati
on)
)
(/usr/share/texmf-texlive/tex/latex/graphics/graphicx.sty
Package: graphicx 1999/02/16 v1.0f Enhanced LaTeX Graphics (DPC,SPQR)

(/usr/share/texmf-texlive/tex/latex/graphics/keyval.sty
Package: keyval 1999/03/16 v1.13 key=value parser (DPC)
\KV@toks@=\toks16
)
(/usr/share/texmf-texlive/tex/latex/graphics/graphics.sty
Package: graphics 2006/02/20 v1.0o Standard LaTeX Graphics (DPC,SPQR)

(/usr/share/texmf-texlive/tex/latex/graphics/trig.sty
Package: trig 1999/03/16 v1.09 sin cos tan (DPC)
)
(/etc/texmf/tex/latex/config/graphics.cfg
File: graphics.cfg 2007/01/18 v1.5 graphics configuration of teTeX/TeXLive
)
Package graphics Info: Driver file: dvips.def on input line 90.

(/usr/share/texmf-texlive/tex/latex/graphics/dvips.def
File: dvips.def 1999/02/16 v3.0i Driver-dependant file (DPC,SPQR)
))
\Gin@req@height=\dimen102
\Gin@req@width=\dimen103
)
(/usr/share/texmf-texlive/tex/latex/tools/dcolumn.sty
Package: dcolumn 2001/05/28 v1.06 decimal alignment package (DPC)

(/usr/share/texmf-texlive/tex/latex/tools/array.sty
Package: array 2005/08/23 v2.4b Tabular extension package (FMi)
\col@sep=\dimen104
\extrarowheight=\dimen105
\NC@list=\toks17
\extratabsurround=\skip45
\backup@length=\skip46
))
(/usr/share/texmf-texlive/tex/latex/graphics/epsfig.sty
Package: epsfig 1999/02/16 v1.7a (e)psfig emulation (SPQR)
\epsfxsize=\dimen106
\epsfysize=\dimen107
)
(/usr/share/texmf-texlive/tex/latex/amsfonts/amssymb.sty
Package: amssymb 2002/01/22 v2.2d

(/usr/share/texmf-texlive/tex/latex/amsfonts/amsfonts.sty
Package: amsfonts 2001/10/25 v2.2f
\@emptytoks=\toks18
\symAMSa=\mathgroup4
\symAMSb=\mathgroup5
LaTeX Font Info:    Overwriting math alphabet `\mathfrak' in version `bold'
(Font)                  U/euf/m/n --> U/euf/b/n on input line 132.
LaTeX Info: Redefining \frak on input line 135.
LaTeX Info: Redefining \Bbb on input line 137.
)) (./phys_def.tex
\c@hours=\count93
\c@minutes=\count94
)
(./h2a_paper_v4.aux)
\openout1 = `h2a_paper_v4.aux'.

LaTeX Font Info:    Checking defaults for OML/cmm/m/it on input line 57.
LaTeX Font Info:    ... okay on input line 57.
LaTeX Font Info:    Checking defaults for T1/cmr/m/n on input line 57.
LaTeX Font Info:    ... okay on input line 57.
LaTeX Font Info:    Checking defaults for OT1/cmr/m/n on input line 57.
LaTeX Font Info:    ... okay on input line 57.
LaTeX Font Info:    Checking defaults for OMS/cmsy/m/n on input line 57.
LaTeX Font Info:    ... okay on input line 57.
LaTeX Font Info:    Checking defaults for OMX/cmex/m/n on input line 57.
LaTeX Font Info:    ... okay on input line 57.
LaTeX Font Info:    Checking defaults for U/cmr/m/n on input line 57.
LaTeX Font Info:    ... okay on input line 57.
Class revtex4 Info: Patching array package. on input line 57.
Class revtex4 Info: cite was not loaded (OK!) on input line 57.
Class revtex4 Info: multicol was not loaded (OK!) on input line 57.
LaTeX Font Info:    Try loading font information for U+msa on input line 98.
 (/usr/share/texmf-texlive/tex/latex/amsfonts/umsa.fd
File: umsa.fd 2002/01/19 v2.2g AMS font definitions
)
LaTeX Font Info:    Try loading font information for U+msb on input line 98.

(/usr/share/texmf-texlive/tex/latex/amsfonts/umsb.fd
File: umsb.fd 2002/01/19 v2.2g AMS font definitions
)
File: plots/mass_exclusion.eps Graphic file (type eps)

<plots/mass_exclusion.eps>
File: plots/mh_brhaa.eps Graphic file (type eps)
 <plots/mh_brhaa.eps> [1]
File: plots/pmass1_lambda.eps Graphic file (type eps)
 <plots/pmass1_lambda.eps>
File: plots/pmass1_Akappa.eps Graphic file (type eps)

<plots/pmass1_Akappa.eps>
File: plots/brhaa_koverl.eps Graphic file (type eps)
 <plots/brhaa_koverl.eps>
File: plots/brhaa_lambda.eps Graphic file (type eps)
 <plots/brhaa_lambda.eps>
File: plots/brhaa_Akappa.eps Graphic file (type eps)

<plots/brhaa_Akappa.eps>
File: plots/brhaa_Alambda.eps Graphic file (type eps)
 <plots/brhaa_Alambda.eps>
File: plots/brhaa_mu.eps Graphic file (type eps)
 <plots/brhaa_mu.eps>
File: plots/brhaa_tanbeta.eps Graphic file (type eps)

<plots/brhaa_tanbeta.eps>
File: plots/branching_fractions_plot.eps Graphic file (type eps)
 <plots/branching_fractions_plot.eps>
File: plots/brh4mu_pmass1.eps Graphic file (type eps)

<plots/brh4mu_pmass1.eps>
File: plots/brh4mu_smass1.eps Graphic file (type eps)
 <plots/brh4mu_smass1.eps> [2]
File: plots/muon_pairs_masses.eps Graphic file (type eps)

<plots/muon_pairs_masses.eps>
File: plots/invariant_mass.eps Graphic file (type eps)
 <plots/invariant_mass.eps>
File: plots/pairs_masses_diff_0.5.eps Graphic file (type eps)

<plots/pairs_masses_diff_0.5.eps>
File: plots/pairs_masses_diff_3.0.eps Graphic file (type eps)
 <plots/pairs_masses_diff_3.0.eps>

LaTeX Warning: Reference `figX1' on page 3 undefined on input line 313.


LaTeX Warning: Reference `figX2' on page 3 undefined on input line 314.

[3]
File: plots/acceptance_H.eps Graphic file (type eps)
 <plots/acceptance_H.eps>
File: plots/acceptance_a.eps Graphic file (type eps)
 <plots/acceptance_a.eps> [4]

LaTeX Warning: A float is stuck (cannot be placed); try class option [floatfix]
 on input line 398.


LaTeX Warning: Reference `bckgr_cuts_efficiency_gen_level,bckgr_cuts_efficiency
_reco_level,bckgr_cuts_number_gen_level,bckgr_cuts_number_reco_level' on page 5
 undefined on input line 430.

[5]

LaTeX Warning: Reference `table_background_fit_parameters' on page 6 undefined 
on input line 559.


LaTeX Warning: Reference `plots/likelihood_H100_a3_10pb.eps' on page 6 undefine
d on input line 623.

[6] [7]
File: plots/likelihood_NoSignal.eps Graphic file (type eps)
 <plots/likelihood_NoSignal.eps>
File: plots/likelihood_H100_a3_10pb.eps Graphic file (type eps)
 <plots/likelihood_H100_a3_10pb.eps>

LaTeX Warning: Command \O invalid in math mode on input line 714.


LaTeX Warning: Command \O invalid in math mode on input line 715.


LaTeX Warning: Command \O invalid in math mode on input line 718.

[8]

LaTeX Warning: A float is stuck (cannot be placed); try class option [floatfix]
 on input line 739.

[9]

LaTeX Warning: A float is stuck (cannot be placed); try class option [floatfix]
 on input line 779.

[10] [11] (./h2a_paper_v4.aux)

LaTeX Warning: There were undefined references.

 ) 
Here is how much of TeX's memory you used:
 2825 strings out of 95087
 32843 string characters out of 1183279
 105130 words of memory out of 1500000
 5970 multiletter control sequences out of 10000+50000
 12815 words of font info for 50 fonts, out of 1200000 for 2000
 28 hyphenation exceptions out of 8191
 25i,9n,24p,693b,317s stack positions out of 5000i,500n,6000p,200000b,5000s

Output written on h2a_paper_v4.dvi (11 pages, 51000 bytes).
