This is pdfTeXk, Version 3.141592-1.40.3 (Web2C 7.5.6) (format=latex 2009.7.25)  23 AUG 2009 19:28
entering extended mode
 %&-line parsing enabled.
**h2a_paper_v6.tex
(./h2a_paper_v6.tex
LaTeX2e <2005/12/01>
Babel <v3.8h> and hyphenation patterns for english, usenglishmax, dumylang, noh
yphenation, loaded.
(/usr/share/texmf-texlive/tex/latex/revtex/revtex4.cls
Document Class: revtex4 2001/08/02 v4.0 (http://publish.aps.org/revtex4/ for do
cumentation)
 Copyright (c) 2001 The American Physical Society.
 mailto:revtex@aps.org
 Licensed under the LPPL:
http://www.ctan.org/tex-archive/macros/latex/base/lppl.txt
 Arthur Ogawa <ogawa@teleport.com>
 Based on work by David Carlisle <david@dcarlisle.demon.co.uk>.
ltxutil: portions licensed from W. E. Baxter (web@superscript.com)
Class revtex4 Info: Repairing broken LateX \@sect on input line 596.
\intertabularlinepenalty=\count79
\@tbpen=\count80
\@arstrutbox@hline=\box26
Class revtex4 Info: Repairing broken LaTeX \@xbitor on input line 1610.
ltxgrid: portions licensed from W. E. Baxter (web@superscript.com)
\c@linecount=\count81
\output=\toks14
\@protection@box=\box27
\@topmark@saved=\toks15
\footins@saved=\box28
\pagesofar=\box29
\footbox=\box30
\pagegrid@col=\count82
Class revtex4 Info: Incorporating package {textcase}  [1998/11/12 v0.06 Text on
ly upper/lower case changing (DPC)]. on input line 3682.
(/usr/share/texmf-texlive/tex/latex/ltxmisc/url.sty
\Urlmuskip=\muskip10
Package: url 2005/06/27  ver 3.2  Verb mode for urls, etc.
)
\c@affil=\count83
\absbox=\box31
\c@part=\count84
\c@section=\count85
\c@subsection=\count86
\c@subsubsection=\count87
\c@paragraph=\count88
\c@subparagraph=\count89
\abovecaptionskip=\skip41
\belowcaptionskip=\skip42
\c@figure=\count90
\c@table=\count91

(/usr/share/texmf-texlive/tex/latex/natbib/natbib.sty
Package: natbib 2007/02/05 8.0 (PWD)
\bibhang=\skip43
\bibsep=\skip44
LaTeX Info: Redefining \cite on input line 602.
\c@NAT@ctr=\count92
)
\widetext@top=\box32
\widetext@bot=\box33

(/usr/share/texmf-texlive/tex/latex/revtex/revsymb.sty
Package: revsymb 2001/08/02 v4.0 (http://publish.aps.org/revtex4/ for documenta
tion)
LaTeX Info: Redefining \REV@mathfrak on input line 118.
))
(/usr/share/texmf-texlive/tex/latex/revtex/aps.rtx
File: aps.rtx 2001/08/02 v4.0 (http://publish.aps.org/revtex4/ for documentatio
n)
)
(/usr/share/texmf-texlive/tex/latex/revtex/12pt.rtx
File: 12pt.rtx 2001/08/02 v4.0 (http://publish.aps.org/revtex4/ for documentati
on)
)
(/usr/share/texmf-texlive/tex/latex/graphics/graphicx.sty
Package: graphicx 1999/02/16 v1.0f Enhanced LaTeX Graphics (DPC,SPQR)

(/usr/share/texmf-texlive/tex/latex/graphics/keyval.sty
Package: keyval 1999/03/16 v1.13 key=value parser (DPC)
\KV@toks@=\toks16
)
(/usr/share/texmf-texlive/tex/latex/graphics/graphics.sty
Package: graphics 2006/02/20 v1.0o Standard LaTeX Graphics (DPC,SPQR)

(/usr/share/texmf-texlive/tex/latex/graphics/trig.sty
Package: trig 1999/03/16 v1.09 sin cos tan (DPC)
)
(/etc/texmf/tex/latex/config/graphics.cfg
File: graphics.cfg 2007/01/18 v1.5 graphics configuration of teTeX/TeXLive
)
Package graphics Info: Driver file: dvips.def on input line 90.

(/usr/share/texmf-texlive/tex/latex/graphics/dvips.def
File: dvips.def 1999/02/16 v3.0i Driver-dependant file (DPC,SPQR)
))
\Gin@req@height=\dimen102
\Gin@req@width=\dimen103
)
(/usr/share/texmf-texlive/tex/latex/amsfonts/amssymb.sty
Package: amssymb 2002/01/22 v2.2d

(/usr/share/texmf-texlive/tex/latex/amsfonts/amsfonts.sty
Package: amsfonts 2001/10/25 v2.2f
\@emptytoks=\toks17
\symAMSa=\mathgroup4
\symAMSb=\mathgroup5
LaTeX Font Info:    Overwriting math alphabet `\mathfrak' in version `bold'
(Font)                  U/euf/m/n --> U/euf/b/n on input line 132.
LaTeX Info: Redefining \frak on input line 135.
LaTeX Info: Redefining \Bbb on input line 137.
))
(/usr/share/texmf-texlive/tex/latex/amsmath/amsmath.sty
Package: amsmath 2000/07/18 v2.13 AMS math features
\@mathmargin=\skip45

For additional information on amsmath, use the `?' option.
(/usr/share/texmf-texlive/tex/latex/amsmath/amstext.sty
Package: amstext 2000/06/29 v2.01

(/usr/share/texmf-texlive/tex/latex/amsmath/amsgen.sty
File: amsgen.sty 1999/11/30 v2.0
\@emptytoks=\toks18
\ex@=\dimen104
))
(/usr/share/texmf-texlive/tex/latex/amsmath/amsbsy.sty
Package: amsbsy 1999/11/29 v1.2d
\pmbraise@=\dimen105
)
(/usr/share/texmf-texlive/tex/latex/amsmath/amsopn.sty
Package: amsopn 1999/12/14 v2.01 operator names
)
\inf@bad=\count93
LaTeX Info: Redefining \frac on input line 211.
\uproot@=\count94
\leftroot@=\count95
LaTeX Info: Redefining \overline on input line 307.
\classnum@=\count96
\DOTSCASE@=\count97
LaTeX Info: Redefining \ldots on input line 379.
LaTeX Info: Redefining \dots on input line 382.
LaTeX Info: Redefining \cdots on input line 467.
\Mathstrutbox@=\box34
\strutbox@=\box35
\big@size=\dimen106
LaTeX Font Info:    Redeclaring font encoding OML on input line 567.
LaTeX Font Info:    Redeclaring font encoding OMS on input line 568.
\macc@depth=\count98
\c@MaxMatrixCols=\count99
\dotsspace@=\muskip11
\c@parentequation=\count100
\dspbrk@lvl=\count101
\tag@help=\toks19
\row@=\count102
\column@=\count103
\maxfields@=\count104
\andhelp@=\toks20
\eqnshift@=\dimen107
\alignsep@=\dimen108
\tagshift@=\dimen109
\tagwidth@=\dimen110
\totwidth@=\dimen111
\lineht@=\dimen112
\@envbody=\toks21
\multlinegap=\skip46
\multlinetaggap=\skip47
\mathdisplay@stack=\toks22
LaTeX Info: Redefining \[ on input line 2666.
LaTeX Info: Redefining \] on input line 2667.
)
(/usr/share/texmf-texlive/tex/latex/graphics/color.sty
Package: color 2005/11/14 v1.0j Standard LaTeX Color (DPC)

(/etc/texmf/tex/latex/config/color.cfg
File: color.cfg 2007/01/18 v1.5 color configuration of teTeX/TeXLive
)
Package color Info: Driver file: dvips.def on input line 130.

(/usr/share/texmf-texlive/tex/latex/graphics/dvipsnam.def
File: dvipsnam.def 1999/02/16 v3.0i Driver-dependant file (DPC,SPQR)
)) (./axodraw.sty
(./epsf.sty
\epsffilein=\read1
\epsfxsize=\dimen113
\epsfysize=\dimen114
\epsftsize=\dimen115
\epsfrsize=\dimen116
\epsftmp=\dimen117
\pspoints=\dimen118
\epsfhbpsize=\dimen119
\epsfvbpsize=\dimen120
) (/usr/share/texmf-texlive/tex/generic/dvips/colordvi.sty)
(/usr/share/texmf-texlive/tex/generic/dvips/rotate.tex
\rotdimen=\dimen121
))
(/usr/share/texmf-texlive/tex/latex/tools/dcolumn.sty
Package: dcolumn 2001/05/28 v1.06 decimal alignment package (DPC)

(/usr/share/texmf-texlive/tex/latex/tools/array.sty
Package: array 2005/08/23 v2.4b Tabular extension package (FMi)
\col@sep=\dimen122
\extrarowheight=\dimen123
\NC@list=\toks23
\extratabsurround=\skip48
\backup@length=\skip49
)) (./phys_def.tex
\c@hours=\count105
\c@minutes=\count106
)
(./h2a_paper_v6.aux)
\openout1 = `h2a_paper_v6.aux'.

LaTeX Font Info:    Checking defaults for OML/cmm/m/it on input line 33.
LaTeX Font Info:    ... okay on input line 33.
LaTeX Font Info:    Checking defaults for T1/cmr/m/n on input line 33.
LaTeX Font Info:    ... okay on input line 33.
LaTeX Font Info:    Checking defaults for OT1/cmr/m/n on input line 33.
LaTeX Font Info:    ... okay on input line 33.
LaTeX Font Info:    Checking defaults for OMS/cmsy/m/n on input line 33.
LaTeX Font Info:    ... okay on input line 33.
LaTeX Font Info:    Checking defaults for OMX/cmex/m/n on input line 33.
LaTeX Font Info:    ... okay on input line 33.
LaTeX Font Info:    Checking defaults for U/cmr/m/n on input line 33.
LaTeX Font Info:    ... okay on input line 33.
Class revtex4 Info: Patching array package. on input line 33.
Class revtex4 Info: cite was not loaded (OK!) on input line 33.
Class revtex4 Info: multicol was not loaded (OK!) on input line 33.
LaTeX Font Info:    Try loading font information for U+msa on input line 62.
 (/usr/share/texmf-texlive/tex/latex/amsfonts/umsa.fd
File: umsa.fd 2002/01/19 v2.2g AMS font definitions
)
LaTeX Font Info:    Try loading font information for U+msb on input line 62.

(/usr/share/texmf-texlive/tex/latex/amsfonts/umsb.fd
File: umsb.fd 2002/01/19 v2.2g AMS font definitions
) [1] (./h2a_paper_v6.toc
Overfull \hbox (0.87494pt too wide) detected at line 4
 \OT1/cmr/m/n/12 3
 []


Overfull \hbox (0.87494pt too wide) detected at line 5
 \OT1/cmr/m/n/12 4
 []


Overfull \hbox (0.87494pt too wide) detected at line 6
 \OT1/cmr/m/n/12 4
 []


Overfull \hbox (0.87494pt too wide) detected at line 7
 \OT1/cmr/m/n/12 7
 []


Overfull \hbox (6.74988pt too wide) detected at line 8
 \OT1/cmr/m/n/12 12
 []


Overfull \hbox (6.74988pt too wide) detected at line 9
 \OT1/cmr/m/n/12 16
 []


Overfull \hbox (6.74988pt too wide) detected at line 10
 \OT1/cmr/m/n/12 16
 []


Overfull \hbox (6.74988pt too wide) detected at line 11
 \OT1/cmr/m/n/12 16
 []


Overfull \hbox (6.74988pt too wide) detected at line 12
 \OT1/cmr/m/n/12 19
 []


Overfull \hbox (6.74988pt too wide) detected at line 13
 \OT1/cmr/m/n/12 20
 []


Overfull \hbox (6.74988pt too wide) detected at line 14
 \OT1/cmr/m/n/12 20
 []


Overfull \hbox (6.74988pt too wide) detected at line 15
 \OT1/cmr/m/n/12 21
 []


Overfull \hbox (6.74988pt too wide) detected at line 16
 \OT1/cmr/m/n/12 21
 []


Overfull \hbox (6.74988pt too wide) detected at line 17
 \OT1/cmr/m/n/12 21
 []


Overfull \hbox (6.74988pt too wide) detected at line 18
 \OT1/cmr/m/n/12 24
 []


Overfull \hbox (6.74988pt too wide) detected at line 19
 \OT1/cmr/m/n/12 26
 []


Overfull \hbox (6.74988pt too wide) detected at line 20
 \OT1/cmr/m/n/12 26
 []


Overfull \hbox (6.74988pt too wide) detected at line 21
 \OT1/cmr/m/n/12 28
 []

)
\tf@toc=\write3
\openout3 = `h2a_paper_v6.toc'.

 [2] [3] [4]

LaTeX Warning: `h' float specifier changed to `ht'.

[5]
File: plots/mass_exclusion.eps Graphic file (type eps)
 <plots/mass_exclusion.eps>
File: plots/mh_brhaa.eps Graphic file (type eps)
 <plots/mh_brhaa.eps>
File: plots/pmass1_lambda.eps Graphic file (type eps)
 <plots/pmass1_lambda.eps>
File: plots/ma_vs_a-kappa.eps Graphic file (type eps)

<plots/ma_vs_a-kappa.eps>
File: plots/ma-vs-mh-vs-scomp.eps Graphic file (type eps)
 <plots/ma-vs-mh-vs-scomp.eps>
File: plots/mh2-mh1-singlet.eps Graphic file (type eps)

<plots/mh2-mh1-singlet.eps> [6] [7]
File: plots/scomp13_vs_br_h-aa.eps Graphic file (type eps)
 <plots/scomp13_vs_br_h-aa.eps> [8]
File: plots/br-h-aa_vs_kap-lam.eps Graphic file (type eps)

<plots/br-h-aa_vs_kap-lam.eps>
File: plots/mu-kaplam-scomp.eps Graphic file (type eps)
 <plots/mu-kaplam-scomp.eps>
File: plots/gh1-aa_vs_gh1-conv.eps Graphic file (type eps)

<plots/gh1-aa_vs_gh1-conv.eps> [9] [10]
File: plots/pcomp13_vs_br_a-mm.eps Graphic file (type eps)
 <plots/pcomp13_vs_br_a-mm.eps>
File: plots/lam_vs_akap_ma.eps Graphic file (type eps)

<plots/lam_vs_akap_ma.eps>
File: plots/br-h-aa_vs_ma.eps Graphic file (type eps)
 <plots/br-h-aa_vs_ma.eps> [11] [12]
File: plots/cs3.eps Graphic file (type eps)
 <plots/cs3.eps>
File: plots/sig_vs_kaplam.eps Graphic file (type eps)

<plots/sig_vs_kaplam.eps> [13]
File: plots/cs1.eps Graphic file (type eps)
 <plots/cs1.eps>
File: plots/cs2.eps Graphic file (type eps)
 <plots/cs2.eps>
File: plots/sig-brh2a_vs_kaplam.eps Graphic file (type eps)

<plots/sig-brh2a_vs_kaplam.eps>
File: plots/sig-brh2a-bra2mu_vs_kaplam.eps Graphic file (type eps)
 <plots/sig-brh2a-bra2mu_vs_kaplam.eps> [14]
File: plots/br_vs_cs.eps Graphic file (type eps)

<plots/br_vs_cs.eps>
Underfull \hbox (badness 10000) in paragraph at lines 684--712

 []

[15] [16]
File: plots/muon_pairs_masses.eps Graphic file (type eps)
 <plots/muon_pairs_masses.eps>
File: plots/invariant_mass.eps Graphic file (type eps)
 <plots/invariant_mass.eps> [17]
File: plots/acceptance_H.eps Graphic file (type eps)

<plots/acceptance_H.eps>
File: plots/acceptance_a.eps Graphic file (type eps)
 <plots/acceptance_a.eps> [18]
File: plots/pairs_masses_diff_0.5.eps Graphic file (type eps)

<plots/pairs_masses_diff_0.5.eps>
File: plots/pairs_masses_diff_3.0.eps Graphic file (type eps)
 <plots/pairs_masses_diff_3.0.eps> [19]
[20]
Overfull \hbox (36.88516pt too wide) in alignment at lines 1012--1015
 [][][] []
 []

[21]

LaTeX Warning: Reference `table_background_fit_parameters' on page 22 undefined
 on input line 1033.

[22] [23]

LaTeX Warning: Reference `brh4mu_plots' on page 24 undefined on input line 1055
.


LaTeX Warning: Reference `brh4mu_plots' on page 24 undefined on input line 1077
.

File: plots/likelihood_NoSignal.eps Graphic file (type eps)
<plots/likelihood_NoSignal.eps>
File: plots/likelihood_H100_a3_10pb.eps Graphic file (type eps)
 <plots/likelihood_H100_a3_10pb.eps>
Underfull \hbox (badness 7851) in paragraph at lines 1097--1097
[]\OT1/cmr/m/n/10.95 FIG. 18: Left:Example like-li-hood for a pseu-do-ex-per-i-
ment for a search as-sum-ing
 []

[24] [25] [26] [27]
Underfull \hbox (badness 2073) in paragraph at lines 1483--1485
[]\OT1/cmr/m/n/10.95 G. Ab-bi-endi $\OML/cmm/m/it/10.95 et al: $\OT1/cmr/m/n/10
.95 (OPAL Col-lab-o-ra-tion), Eur. Phys. J. C \OT1/cmr/bx/n/10.95 27\OT1/cmr/m/
n/10.95 , 483-495 (2003),
 []

[28] (./h2a_paper_v6.aux)

LaTeX Warning: There were undefined references.

 ) 
Here is how much of TeX's memory you used:
 3876 strings out of 95087
 45334 string characters out of 1183278
 139640 words of memory out of 1500000
 6984 multiletter control sequences out of 10000+50000
 14230 words of font info for 55 fonts, out of 1200000 for 2000
 28 hyphenation exceptions out of 8191
 28i,10n,24p,682b,325s stack positions out of 5000i,500n,6000p,200000b,5000s

Output written on h2a_paper_v6.dvi (28 pages, 106408 bytes).
