This is pdfTeXk, Version 3.141592-1.40.3 (Web2C 7.5.6) (format=latex 2009.11.19)  12 APR 2010 11:13
entering extended mode
 %&-line parsing enabled.
**haa4mu.tex
(./haa4mu.tex
LaTeX2e <2005/12/01>
Babel <v3.8h> and hyphenation patterns for english, usenglishmax, dumylang, noh
yphenation, loaded.
(./revtex4.cls
Document Class: revtex4 2001/08/03 v4.0 (http://publish.aps.org/revtex4/ for do
cumentation)
 Copyright (c) 2001 The American Physical Society.
 mailto:revtex@aps.org
 Licensed under the LPPL:
http://www.ctan.org/tex-archive/macros/latex/base/lppl.txt
 Arthur Ogawa <ogawa@teleport.com>
 Based on work by David Carlisle <david@dcarlisle.demon.co.uk>.
ltxutil: portions licensed from W. E. Baxter (web@superscript.com)
Class revtex4 Info: Repairing broken LateX \@sect on input line 596.
\intertabularlinepenalty=\count79
\@tbpen=\count80
\@arstrutbox@hline=\box26
Class revtex4 Info: Repairing broken LaTeX \@xbitor on input line 1610.
ltxgrid: portions licensed from W. E. Baxter (web@superscript.com)
\c@linecount=\count81
\output=\toks14
\@protection@box=\box27
\@topmark@saved=\toks15
\footins@saved=\box28
\pagesofar=\box29
\footbox=\box30
\pagegrid@col=\count82
Class revtex4 Info: Incorporating package {textcase}  [1998/11/12 v0.06 Text on
ly upper/lower case changing (DPC)]. on input line 3682.
(/usr/share/texmf-texlive/tex/latex/ltxmisc/url.sty
\Urlmuskip=\muskip10
Package: url 2005/06/27  ver 3.2  Verb mode for urls, etc.
)
\c@affil=\count83
\absbox=\box31
\c@part=\count84
\c@section=\count85
\c@subsection=\count86
\c@subsubsection=\count87
\c@paragraph=\count88
\c@subparagraph=\count89
\abovecaptionskip=\skip41
\belowcaptionskip=\skip42
\c@figure=\count90
\c@table=\count91

(/usr/share/texmf-texlive/tex/latex/natbib/natbib.sty
Package: natbib 2007/02/05 8.0 (PWD)
\bibhang=\skip43
\bibsep=\skip44
LaTeX Info: Redefining \cite on input line 602.
\c@NAT@ctr=\count92
)
\widetext@top=\box32
\widetext@bot=\box33
 (./revsymb.sty
Package: revsymb 2001/08/03 v4.0 (http://publish.aps.org/revtex4/ for documenta
tion)
LaTeX Info: Redefining \REV@mathfrak on input line 118.
))
(/usr/share/texmf-texlive/tex/latex/revtex/aps.rtx
File: aps.rtx 2001/08/02 v4.0 (http://publish.aps.org/revtex4/ for documentatio
n)
)
(/usr/share/texmf-texlive/tex/latex/revtex/10pt.rtx
File: 10pt.rtx 2001/08/02 v4.0 (http://publish.aps.org/revtex4/ for documentati
on)
)
(/usr/share/texmf-texlive/tex/latex/graphics/graphicx.sty
Package: graphicx 1999/02/16 v1.0f Enhanced LaTeX Graphics (DPC,SPQR)

(/usr/share/texmf-texlive/tex/latex/graphics/keyval.sty
Package: keyval 1999/03/16 v1.13 key=value parser (DPC)
\KV@toks@=\toks16
)
(/usr/share/texmf-texlive/tex/latex/graphics/graphics.sty
Package: graphics 2006/02/20 v1.0o Standard LaTeX Graphics (DPC,SPQR)

(/usr/share/texmf-texlive/tex/latex/graphics/trig.sty
Package: trig 1999/03/16 v1.09 sin cos tan (DPC)
)
(/etc/texmf/tex/latex/config/graphics.cfg
File: graphics.cfg 2007/01/18 v1.5 graphics configuration of teTeX/TeXLive
)
Package graphics Info: Driver file: dvips.def on input line 90.

(/usr/share/texmf-texlive/tex/latex/graphics/dvips.def
File: dvips.def 1999/02/16 v3.0i Driver-dependant file (DPC,SPQR)
))
\Gin@req@height=\dimen102
\Gin@req@width=\dimen103
)
(/usr/share/texmf-texlive/tex/latex/amsfonts/amssymb.sty
Package: amssymb 2002/01/22 v2.2d

(/usr/share/texmf-texlive/tex/latex/amsfonts/amsfonts.sty
Package: amsfonts 2001/10/25 v2.2f
\@emptytoks=\toks17
\symAMSa=\mathgroup4
\symAMSb=\mathgroup5
LaTeX Font Info:    Overwriting math alphabet `\mathfrak' in version `bold'
(Font)                  U/euf/m/n --> U/euf/b/n on input line 132.
LaTeX Info: Redefining \frak on input line 135.
LaTeX Info: Redefining \Bbb on input line 137.
))
(/usr/share/texmf-texlive/tex/latex/amsmath/amsmath.sty
Package: amsmath 2000/07/18 v2.13 AMS math features
\@mathmargin=\skip45

For additional information on amsmath, use the `?' option.
(/usr/share/texmf-texlive/tex/latex/amsmath/amstext.sty
Package: amstext 2000/06/29 v2.01

(/usr/share/texmf-texlive/tex/latex/amsmath/amsgen.sty
File: amsgen.sty 1999/11/30 v2.0
\@emptytoks=\toks18
\ex@=\dimen104
))
(/usr/share/texmf-texlive/tex/latex/amsmath/amsbsy.sty
Package: amsbsy 1999/11/29 v1.2d
\pmbraise@=\dimen105
)
(/usr/share/texmf-texlive/tex/latex/amsmath/amsopn.sty
Package: amsopn 1999/12/14 v2.01 operator names
)
\inf@bad=\count93
LaTeX Info: Redefining \frac on input line 211.
\uproot@=\count94
\leftroot@=\count95
LaTeX Info: Redefining \overline on input line 307.
\classnum@=\count96
\DOTSCASE@=\count97
LaTeX Info: Redefining \ldots on input line 379.
LaTeX Info: Redefining \dots on input line 382.
LaTeX Info: Redefining \cdots on input line 467.
\Mathstrutbox@=\box34
\strutbox@=\box35
\big@size=\dimen106
LaTeX Font Info:    Redeclaring font encoding OML on input line 567.
LaTeX Font Info:    Redeclaring font encoding OMS on input line 568.
\macc@depth=\count98
\c@MaxMatrixCols=\count99
\dotsspace@=\muskip11
\c@parentequation=\count100
\dspbrk@lvl=\count101
\tag@help=\toks19
\row@=\count102
\column@=\count103
\maxfields@=\count104
\andhelp@=\toks20
\eqnshift@=\dimen107
\alignsep@=\dimen108
\tagshift@=\dimen109
\tagwidth@=\dimen110
\totwidth@=\dimen111
\lineht@=\dimen112
\@envbody=\toks21
\multlinegap=\skip46
\multlinetaggap=\skip47
\mathdisplay@stack=\toks22
LaTeX Info: Redefining \[ on input line 2666.
LaTeX Info: Redefining \] on input line 2667.
)
(/usr/share/texmf-texlive/tex/latex/graphics/color.sty
Package: color 2005/11/14 v1.0j Standard LaTeX Color (DPC)

(/etc/texmf/tex/latex/config/color.cfg
File: color.cfg 2007/01/18 v1.5 color configuration of teTeX/TeXLive
)
Package color Info: Driver file: dvips.def on input line 130.

(/usr/share/texmf-texlive/tex/latex/graphics/dvipsnam.def
File: dvipsnam.def 1999/02/16 v3.0i Driver-dependant file (DPC,SPQR)
)) (./axodraw.sty
(./epsf.sty
\epsffilein=\read1
\epsfxsize=\dimen113
\epsfysize=\dimen114
\epsftsize=\dimen115
\epsfrsize=\dimen116
\epsftmp=\dimen117
\pspoints=\dimen118
\epsfhbpsize=\dimen119
\epsfvbpsize=\dimen120
) (/usr/share/texmf-texlive/tex/generic/dvips/colordvi.sty)
(/usr/share/texmf-texlive/tex/generic/dvips/rotate.tex
\rotdimen=\dimen121
))
(/usr/share/texmf-texlive/tex/latex/tools/dcolumn.sty
Package: dcolumn 2001/05/28 v1.06 decimal alignment package (DPC)

(/usr/share/texmf-texlive/tex/latex/tools/array.sty
Package: array 2005/08/23 v2.4b Tabular extension package (FMi)
\col@sep=\dimen122
\extrarowheight=\dimen123
\NC@list=\toks23
\extratabsurround=\skip48
\backup@length=\skip49
))
(/usr/share/texmf-texlive/tex/latex/subfigure/subfigure.sty
Package: subfigure 2002/03/15 v2.1.5 subfigure package
\subfigtopskip=\skip50
\subfigcapskip=\skip51
\subfigcaptopadj=\dimen124
\subfigbottomskip=\skip52
\subfigcapmargin=\dimen125
\subfiglabelskip=\skip53
\c@subfigure=\count105
\c@lofdepth=\count106
\c@subtable=\count107
\c@lotdepth=\count108

****************************************
* Local config file subfigure.cfg used *
****************************************
(/usr/share/texmf-texlive/tex/latex/subfigure/subfigure.cfg)
\subfig@top=\skip54
\subfig@bottom=\skip55
) (./phys_def.tex
\c@hours=\count109
\c@minutes=\count110
)
(./haa4mu.aux)
\openout1 = `haa4mu.aux'.

LaTeX Font Info:    Checking defaults for OML/cmm/m/it on input line 10.
LaTeX Font Info:    ... okay on input line 10.
LaTeX Font Info:    Checking defaults for T1/cmr/m/n on input line 10.
LaTeX Font Info:    ... okay on input line 10.
LaTeX Font Info:    Checking defaults for OT1/cmr/m/n on input line 10.
LaTeX Font Info:    ... okay on input line 10.
LaTeX Font Info:    Checking defaults for OMS/cmsy/m/n on input line 10.
LaTeX Font Info:    ... okay on input line 10.
LaTeX Font Info:    Checking defaults for OMX/cmex/m/n on input line 10.
LaTeX Font Info:    ... okay on input line 10.
LaTeX Font Info:    Checking defaults for U/cmr/m/n on input line 10.
LaTeX Font Info:    ... okay on input line 10.
Class revtex4 Info: Patching array package. on input line 10.
Class revtex4 Info: cite was not loaded (OK!) on input line 10.
Class revtex4 Info: multicol was not loaded (OK!) on input line 10.
LaTeX Font Info:    Try loading font information for U+msa on input line 38.
 (/usr/share/texmf-texlive/tex/latex/amsfonts/umsa.fd
File: umsa.fd 2002/01/19 v2.2g AMS font definitions
)
LaTeX Font Info:    Try loading font information for U+msb on input line 38.

(/usr/share/texmf-texlive/tex/latex/amsfonts/umsb.fd
File: umsb.fd 2002/01/19 v2.2g AMS font definitions
)

Class revtex4 Warning: If you want your PACS to appear in your output, use docu
ment class option showpacs.


Underfull \hbox (badness 10000) in paragraph at lines 54--78
[]\OT1/cmr/m/n/10 The Next-to-Minimal Su-per-sym-met-ric Stan-dard
 []

File: smass12_vs_mkovel.eps Graphic file (type eps)
<smass12_vs_mkovel.eps>
File: ma_vs_akappa_vs_lambda.eps Graphic file (type eps)
 <ma_vs_akappa_vs_lambda.eps> [1]
File: pcomp12_limit.eps Graphic file (type eps)
 <pcomp12_limit.eps>
File: scomp13_vs_mkoverl.eps Graphic file (type eps)

<scomp13_vs_mkoverl.eps>
LaTeX Font Info:    Try loading font information for OMS+cmr on input line 228.

 (/usr/share/texmf-texlive/tex/latex/base/omscmr.fd
File: omscmr.fd 1999/05/25 v2.5h Standard LaTeX font definitions
)
LaTeX Font Info:    Font shape `OMS/cmr/m/n' in size <10> not available
(Font)              Font shape `OMS/cmsy/m/n' tried instead on input line 228.

[2]
Underfull \hbox (badness 10000) in paragraph at lines 244--245
 
 []


Package amsmath Warning: Foreign command \over;
(amsmath)                \frac or \genfrac should be used instead
(amsmath)                 on input line 271.


Overfull \hbox (6.929pt too wide) detected at line 293
[] \OML/cmm/m/it/10 ^^R[] \OT1/cmr/m/n/10 = [][] [] \OML/cmm/m/it/10 ^^R[] \OT1
/cmr/m/n/10 = \OMS/cmsy/m/n/10 ^^@[][]
 []

File: cu1_vs_mkoverl.eps Graphic file (type eps)
<cu1_vs_mkoverl.eps>
File: cd1_vs_mkoverl.eps Graphic file (type eps)
 <cd1_vs_mkoverl.eps>
File: cv1_vs_mkoverl.eps Graphic file (type eps)
 <cv1_vs_mkoverl.eps>
Overfull \hbox (9.68077pt too wide) in paragraph at lines 335--335
[] 
 []

[3]
File: brhaa_vs_lambda_vs_mkoverl.eps Graphic file (type eps)
 <brhaa_vs_lambda_vs_mkoverl.eps> [4]
File: bra_vs_ma.eps Graphic file (type eps)
 <bra_vs_ma.eps>
File: fourconstraints_params.eps Graphic file (type eps)

<fourconstraints_params.eps>
File: fourconstraints_masses.eps Graphic file (type eps)
 <fourconstraints_masses.eps>

LaTeX Warning: Command \O invalid in math mode on input line 470.

[5]
File: crosssec_vs_mukoverl_gg.eps Graphic file (type eps)
 <crosssec_vs_mukoverl_gg.eps>
File: crosssec_vs_mukoverl_bb.eps Graphic file (type eps)
 <crosssec_vs_mukoverl_bb.eps> [6]

LaTeX Warning: Command \O invalid in math mode on input line 566.


LaTeX Warning: Command \O invalid in math mode on input line 570.


LaTeX Warning: Command \O invalid in math mode on input line 595.


Underfull \hbox (badness 1796) in paragraph at lines 595--620
[]\OT1/cmr/m/n/10 The $\OML/cmm/m/it/10 D\OT1/cmr/m/n/10 ^^_$ pa-per [[]] quote
s 95% C.L. lim-its on
 []

File: acceptance_vs_mh.eps Graphic file (type eps)
<acceptance_vs_mh.eps>
File: acceptance_vs_ma.eps Graphic file (type eps)
 <acceptance_vs_ma.eps> [7]
File: muon_pair_masses_new.eps Graphic file (type eps)
 <muon_pair_masses_new.eps>
File: fourmuon_invariant_mass_new.eps Graphic file (type eps)

<fourmuon_invariant_mass_new.eps> [8]
File: newlhcconstraints_params.eps Graphic file (type eps)
 <newlhcconstraints_params.eps>
File: newlhcconstraints_masses.eps Graphic file (type eps)

<newlhcconstraints_masses.eps>
File: newlhcconstraints_crosbr.eps Graphic file (type eps)
 <newlhcconstraints_crosbr.eps> [9]
Underfull \hbox (badness 6125) in paragraph at lines 860--860
[]\OT1/cmr/m/n/9 TABLE II: 95% C.L. up-per limit on $\OML/cmm/m/it/9 ^^[\OT1/cm
r/m/n/9 (\OML/cmm/m/it/9 pp[]h[]\OT1/cmr/m/n/9 ) \OMS/cmsy/m/n/9 ^^B
 []


LaTeX Warning: Command \O invalid in math mode on input line 917.

[10]
Underfull \hbox (badness 7814) in paragraph at lines 1025--1030
 []\OT1/cmr/m/n/9 U. Ell-wanger, M. Rausch de Trauben-berg and
 []


Underfull \hbox (badness 7814) in paragraph at lines 1050--1055
 []\OT1/cmr/m/n/9 U. Ell-wanger, M. Rausch de Trauben-berg and
 []


Underfull \hbox (badness 7814) in paragraph at lines 1076--1081
 []\OT1/cmr/m/n/9 U. Ell-wanger, M. Rausch de Trauben-berg and
 []


Underfull \hbox (badness 1062) in paragraph at lines 1104--1155
 \OT1/cmr/m/n/9 D. G. Cer-deno, C. Hugo-nie, D. E. Lopez-Fogliani,
 []


Underfull \hbox (badness 1107) in paragraph at lines 1104--1155
 \OT1/cmr/m/n/9 048 [arXiv:hep-ph/0408102]; G. Be-langer, F. Boud-
 []


Underfull \hbox (badness 1033) in paragraph at lines 1104--1155
 \OT1/cmr/m/n/9 and S. Pro-fumo, Phys. Rev. D \OT1/cmr/bx/n/9 74\OT1/cmr/m/n/9 
, 115007 (2006)
 []


Underfull \hbox (badness 1314) in paragraph at lines 1104--1155
 \OT1/cmr/m/n/9 D. E. Lopez-Fogliani, C. Munoz and A. M. Teix-
 []

[11]
Underfull \hbox (badness 1024) in paragraph at lines 1200--1213
 \OT1/cmr/m/n/9 arXiv:hep-ph/0305109; U. Ell-wanger, J. F. Gu-nion,
 []


Underfull \hbox (badness 1867) in paragraph at lines 1200--1213
 \OT1/cmr/m/n/9 C. Hugo-nie and S. Moretti, arXiv:hep-ph/0401228;
 []


Underfull \hbox (badness 2799) in paragraph at lines 1250--1255
 []\OT1/cmr/m/n/9 A. Belyaev, S. Hes-sel-bach, S. Lehti, S. Moretti,
 []


Underfull \hbox (badness 3098) in paragraph at lines 1250--1255
 \OT1/cmr/m/n/9 A. Nikitenko and C. H. Shepherd-Themistocleous,
 []


Underfull \hbox (badness 1038) in paragraph at lines 1273--1290
 \OT1/cmr/m/n/9 J. Suppl. \OT1/cmr/bx/n/9 148\OT1/cmr/m/n/9 , 175 (2003) [arXiv
:astro-ph/0302209];
 []


Underfull \hbox (badness 4981) in paragraph at lines 1335--1338
 []\OT1/cmr/m/n/9 U. Ell-wanger, C. Hugo-nie and A. M. Teix-eira,
 []


Underfull \hbox (badness 10000) in paragraph at lines 1377--1379
 []\OT1/cmr/m/n/9 M. Spira, NIMA \OT1/cmr/bx/n/9 389\OT1/cmr/m/n/9 , 1997 (357)
 [arXiv:hep-
 []

[12] (./haa4mu.aux) ) 
Here is how much of TeX's memory you used:
 4033 strings out of 95087
 46928 string characters out of 1183277
 144984 words of memory out of 1500000
 7137 multiletter control sequences out of 10000+50000
 12856 words of font info for 50 fonts, out of 1200000 for 2000
 28 hyphenation exceptions out of 8191
 29i,15n,24p,828b,415s stack positions out of 5000i,500n,6000p,200000b,5000s

Output written on haa4mu.dvi (12 pages, 86152 bytes).
